Running: fuse.exe -relaunch -intstyle "ise" -incremental -lib "secureip" -o "H:/Downloads/1/Lab2Final/Top_level_tb_isim_beh.exe" -prj "H:/Downloads/1/Lab2Final/Top_level_tb_beh.prj" "work.Top_level_tb" 
ISim P.28xd (signature 0xa0883be4)
Number of CPUs detected in this system: 8
Turning on mult-threading, number of parallel sub-compilation jobs: 16 
Determining compilation order of HDL files
Parsing VHDL file "H:/Downloads/1/Lab2Final/Decoder.vhd" into library work
Parsing VHDL file "H:/Downloads/1/Lab2Final/Debouncer.vhd" into library work
Parsing VHDL file "H:/Downloads/1/Lab2Final/Counter.vhd" into library work
Parsing VHDL file "H:/Downloads/1/Lab2Final/Top_Level.vhd" into library work
Parsing VHDL file "H:/Downloads/1/Lab2Final/Top_level_tb.vhd" into library work
Starting static elaboration
Completed static elaboration
Compiling package standard
Compiling package std_logic_1164
Compiling package numeric_std
Compiling architecture behavioral of entity Counter [counter_default]
Compiling architecture behavioral of entity Debouncer [debouncer_default]
Compiling architecture behavioral of entity Decoder [decoder_default]
Compiling architecture behavioral of entity Top_Level [top_level_default]
Compiling architecture behavior of entity top_level_tb
Time Resolution for simulation is 1ps.
Waiting for 1 sub-compilation(s) to finish...
Compiled 12 VHDL Units
Built simulation executable H:/Downloads/1/Lab2Final/Top_level_tb_isim_beh.exe
Fuse Memory Usage: 36532 KB
Fuse CPU Usage: 749 ms
