ISim log file
Running: H:\Downloads\1\Lab2Final\Top_level_tb_isim_beh.exe -intstyle ise -gui -tclbatch isim.cmd -wdb H:/Downloads/1/Lab2Final/Top_level_tb_isim_beh.wdb 
ISim P.28xd (signature 0xa0883be4)
This is a Full version of ISim.
Time resolution is 1 ps
# onerror resume
# wave add /
# run 1000 ns
Simulator is doing circuit initialization process.
at 0 ps, Instance /top_level_tb/uut/Display1_Decoder/ : Warning: NUMERIC_STD."=": metavalue detected, returning FALSE
at 0 ps, Instance /top_level_tb/uut/Display1_Decoder/ : Warning: NUMERIC_STD."=": metavalue detected, returning FALSE
at 0 ps, Instance /top_level_tb/uut/Display1_Decoder/ : Warning: NUMERIC_STD."=": metavalue detected, returning FALSE
at 0 ps, Instance /top_level_tb/uut/Display1_Decoder/ : Warning: NUMERIC_STD."=": metavalue detected, returning FALSE
at 0 ps, Instance /top_level_tb/uut/Display1_Decoder/ : Warning: NUMERIC_STD."=": metavalue detected, returning FALSE
at 0 ps, Instance /top_level_tb/uut/Display1_Decoder/ : Warning: NUMERIC_STD."=": metavalue detected, returning FALSE
at 0 ps, Instance /top_level_tb/uut/Display1_Decoder/ : Warning: NUMERIC_STD."=": metavalue detected, returning FALSE
at 0 ps, Instance /top_level_tb/uut/Display1_Decoder/ : Warning: NUMERIC_STD."=": metavalue detected, returning FALSE
at 0 ps, Instance /top_level_tb/uut/Display1_Decoder/ : Warning: NUMERIC_STD."=": metavalue detected, returning FALSE
at 0 ps, Instance /top_level_tb/uut/Display1_Decoder/ : Warning: NUMERIC_STD."=": metavalue detected, returning FALSE
at 0 ps, Instance /top_level_tb/uut/Display2_Decoder/ : Warning: NUMERIC_STD."=": metavalue detected, returning FALSE
at 0 ps, Instance /top_level_tb/uut/Display2_Decoder/ : Warning: NUMERIC_STD."=": metavalue detected, returning FALSE
at 0 ps, Instance /top_level_tb/uut/Display2_Decoder/ : Warning: NUMERIC_STD."=": metavalue detected, returning FALSE
at 0 ps, Instance /top_level_tb/uut/Display2_Decoder/ : Warning: NUMERIC_STD."=": metavalue detected, returning FALSE
at 0 ps, Instance /top_level_tb/uut/Display2_Decoder/ : Warning: NUMERIC_STD."=": metavalue detected, returning FALSE
at 0 ps, Instance /top_level_tb/uut/Display2_Decoder/ : Warning: NUMERIC_STD."=": metavalue detected, returning FALSE
at 0 ps, Instance /top_level_tb/uut/Display2_Decoder/ : Warning: NUMERIC_STD."=": metavalue detected, returning FALSE
at 0 ps, Instance /top_level_tb/uut/Display2_Decoder/ : Warning: NUMERIC_STD."=": metavalue detected, returning FALSE
at 0 ps, Instance /top_level_tb/uut/Display2_Decoder/ : Warning: NUMERIC_STD."=": metavalue detected, returning FALSE
at 0 ps, Instance /top_level_tb/uut/Display2_Decoder/ : Warning: NUMERIC_STD."=": metavalue detected, returning FALSE
Finished circuit initialization process.
# run 40ns
# run 40us
ISim P.28xd (signature 0xa0883be4)
This is a Full version of ISim.
# run 1000 ns
Simulator is doing circuit initialization process.
at 0 ps, Instance /top_level_tb/uut/Display1_Decoder/ : Warning: NUMERIC_STD."=": metavalue detected, returning FALSE
at 0 ps, Instance /top_level_tb/uut/Display1_Decoder/ : Warning: NUMERIC_STD."=": metavalue detected, returning FALSE
at 0 ps, Instance /top_level_tb/uut/Display1_Decoder/ : Warning: NUMERIC_STD."=": metavalue detected, returning FALSE
at 0 ps, Instance /top_level_tb/uut/Display1_Decoder/ : Warning: NUMERIC_STD."=": metavalue detected, returning FALSE
at 0 ps, Instance /top_level_tb/uut/Display1_Decoder/ : Warning: NUMERIC_STD."=": metavalue detected, returning FALSE
at 0 ps, Instance /top_level_tb/uut/Display1_Decoder/ : Warning: NUMERIC_STD."=": metavalue detected, returning FALSE
at 0 ps, Instance /top_level_tb/uut/Display1_Decoder/ : Warning: NUMERIC_STD."=": metavalue detected, returning FALSE
at 0 ps, Instance /top_level_tb/uut/Display1_Decoder/ : Warning: NUMERIC_STD."=": metavalue detected, returning FALSE
at 0 ps, Instance /top_level_tb/uut/Display1_Decoder/ : Warning: NUMERIC_STD."=": metavalue detected, returning FALSE
at 0 ps, Instance /top_level_tb/uut/Display1_Decoder/ : Warning: NUMERIC_STD."=": metavalue detected, returning FALSE
at 0 ps, Instance /top_level_tb/uut/Display2_Decoder/ : Warning: NUMERIC_STD."=": metavalue detected, returning FALSE
at 0 ps, Instance /top_level_tb/uut/Display2_Decoder/ : Warning: NUMERIC_STD."=": metavalue detected, returning FALSE
at 0 ps, Instance /top_level_tb/uut/Display2_Decoder/ : Warning: NUMERIC_STD."=": metavalue detected, returning FALSE
at 0 ps, Instance /top_level_tb/uut/Display2_Decoder/ : Warning: NUMERIC_STD."=": metavalue detected, returning FALSE
at 0 ps, Instance /top_level_tb/uut/Display2_Decoder/ : Warning: NUMERIC_STD."=": metavalue detected, returning FALSE
at 0 ps, Instance /top_level_tb/uut/Display2_Decoder/ : Warning: NUMERIC_STD."=": metavalue detected, returning FALSE
at 0 ps, Instance /top_level_tb/uut/Display2_Decoder/ : Warning: NUMERIC_STD."=": metavalue detected, returning FALSE
at 0 ps, Instance /top_level_tb/uut/Display2_Decoder/ : Warning: NUMERIC_STD."=": metavalue detected, returning FALSE
at 0 ps, Instance /top_level_tb/uut/Display2_Decoder/ : Warning: NUMERIC_STD."=": metavalue detected, returning FALSE
at 0 ps, Instance /top_level_tb/uut/Display2_Decoder/ : Warning: NUMERIC_STD."=": metavalue detected, returning FALSE
Finished circuit initialization process.
# run 40us
ISim P.28xd (signature 0xa0883be4)
This is a Full version of ISim.
# run 1000 ns
Simulator is doing circuit initialization process.
at 0 ps, Instance /top_level_tb/uut/Display1_Decoder/ : Warning: NUMERIC_STD."=": metavalue detected, returning FALSE
at 0 ps, Instance /top_level_tb/uut/Display1_Decoder/ : Warning: NUMERIC_STD."=": metavalue detected, returning FALSE
at 0 ps, Instance /top_level_tb/uut/Display1_Decoder/ : Warning: NUMERIC_STD."=": metavalue detected, returning FALSE
at 0 ps, Instance /top_level_tb/uut/Display1_Decoder/ : Warning: NUMERIC_STD."=": metavalue detected, returning FALSE
at 0 ps, Instance /top_level_tb/uut/Display1_Decoder/ : Warning: NUMERIC_STD."=": metavalue detected, returning FALSE
at 0 ps, Instance /top_level_tb/uut/Display1_Decoder/ : Warning: NUMERIC_STD."=": metavalue detected, returning FALSE
at 0 ps, Instance /top_level_tb/uut/Display1_Decoder/ : Warning: NUMERIC_STD."=": metavalue detected, returning FALSE
at 0 ps, Instance /top_level_tb/uut/Display1_Decoder/ : Warning: NUMERIC_STD."=": metavalue detected, returning FALSE
at 0 ps, Instance /top_level_tb/uut/Display1_Decoder/ : Warning: NUMERIC_STD."=": metavalue detected, returning FALSE
at 0 ps, Instance /top_level_tb/uut/Display1_Decoder/ : Warning: NUMERIC_STD."=": metavalue detected, returning FALSE
at 0 ps, Instance /top_level_tb/uut/Display2_Decoder/ : Warning: NUMERIC_STD."=": metavalue detected, returning FALSE
at 0 ps, Instance /top_level_tb/uut/Display2_Decoder/ : Warning: NUMERIC_STD."=": metavalue detected, returning FALSE
at 0 ps, Instance /top_level_tb/uut/Display2_Decoder/ : Warning: NUMERIC_STD."=": metavalue detected, returning FALSE
at 0 ps, Instance /top_level_tb/uut/Display2_Decoder/ : Warning: NUMERIC_STD."=": metavalue detected, returning FALSE
at 0 ps, Instance /top_level_tb/uut/Display2_Decoder/ : Warning: NUMERIC_STD."=": metavalue detected, returning FALSE
at 0 ps, Instance /top_level_tb/uut/Display2_Decoder/ : Warning: NUMERIC_STD."=": metavalue detected, returning FALSE
at 0 ps, Instance /top_level_tb/uut/Display2_Decoder/ : Warning: NUMERIC_STD."=": metavalue detected, returning FALSE
at 0 ps, Instance /top_level_tb/uut/Display2_Decoder/ : Warning: NUMERIC_STD."=": metavalue detected, returning FALSE
at 0 ps, Instance /top_level_tb/uut/Display2_Decoder/ : Warning: NUMERIC_STD."=": metavalue detected, returning FALSE
at 0 ps, Instance /top_level_tb/uut/Display2_Decoder/ : Warning: NUMERIC_STD."=": metavalue detected, returning FALSE
Finished circuit initialization process.
# run 40us
# run 40us
ISim P.28xd (signature 0xa0883be4)
This is a Full version of ISim.
# run 1000 ns
Simulator is doing circuit initialization process.
at 0 ps, Instance /top_level_tb/uut/Display1_Decoder/ : Warning: NUMERIC_STD."=": metavalue detected, returning FALSE
at 0 ps, Instance /top_level_tb/uut/Display1_Decoder/ : Warning: NUMERIC_STD."=": metavalue detected, returning FALSE
at 0 ps, Instance /top_level_tb/uut/Display1_Decoder/ : Warning: NUMERIC_STD."=": metavalue detected, returning FALSE
at 0 ps, Instance /top_level_tb/uut/Display1_Decoder/ : Warning: NUMERIC_STD."=": metavalue detected, returning FALSE
at 0 ps, Instance /top_level_tb/uut/Display1_Decoder/ : Warning: NUMERIC_STD."=": metavalue detected, returning FALSE
at 0 ps, Instance /top_level_tb/uut/Display1_Decoder/ : Warning: NUMERIC_STD."=": metavalue detected, returning FALSE
at 0 ps, Instance /top_level_tb/uut/Display1_Decoder/ : Warning: NUMERIC_STD."=": metavalue detected, returning FALSE
at 0 ps, Instance /top_level_tb/uut/Display1_Decoder/ : Warning: NUMERIC_STD."=": metavalue detected, returning FALSE
at 0 ps, Instance /top_level_tb/uut/Display1_Decoder/ : Warning: NUMERIC_STD."=": metavalue detected, returning FALSE
at 0 ps, Instance /top_level_tb/uut/Display1_Decoder/ : Warning: NUMERIC_STD."=": metavalue detected, returning FALSE
at 0 ps, Instance /top_level_tb/uut/Display2_Decoder/ : Warning: NUMERIC_STD."=": metavalue detected, returning FALSE
at 0 ps, Instance /top_level_tb/uut/Display2_Decoder/ : Warning: NUMERIC_STD."=": metavalue detected, returning FALSE
at 0 ps, Instance /top_level_tb/uut/Display2_Decoder/ : Warning: NUMERIC_STD."=": metavalue detected, returning FALSE
at 0 ps, Instance /top_level_tb/uut/Display2_Decoder/ : Warning: NUMERIC_STD."=": metavalue detected, returning FALSE
at 0 ps, Instance /top_level_tb/uut/Display2_Decoder/ : Warning: NUMERIC_STD."=": metavalue detected, returning FALSE
at 0 ps, Instance /top_level_tb/uut/Display2_Decoder/ : Warning: NUMERIC_STD."=": metavalue detected, returning FALSE
at 0 ps, Instance /top_level_tb/uut/Display2_Decoder/ : Warning: NUMERIC_STD."=": metavalue detected, returning FALSE
at 0 ps, Instance /top_level_tb/uut/Display2_Decoder/ : Warning: NUMERIC_STD."=": metavalue detected, returning FALSE
at 0 ps, Instance /top_level_tb/uut/Display2_Decoder/ : Warning: NUMERIC_STD."=": metavalue detected, returning FALSE
at 0 ps, Instance /top_level_tb/uut/Display2_Decoder/ : Warning: NUMERIC_STD."=": metavalue detected, returning FALSE
Finished circuit initialization process.
# run 40us
# run 40us
# run 40us
ISim P.28xd (signature 0xa0883be4)
This is a Full version of ISim.
# run 1000 ns
Simulator is doing circuit initialization process.
at 0 ps, Instance /top_level_tb/uut/Display1_Decoder/ : Warning: NUMERIC_STD."=": metavalue detected, returning FALSE
at 0 ps, Instance /top_level_tb/uut/Display1_Decoder/ : Warning: NUMERIC_STD."=": metavalue detected, returning FALSE
at 0 ps, Instance /top_level_tb/uut/Display1_Decoder/ : Warning: NUMERIC_STD."=": metavalue detected, returning FALSE
at 0 ps, Instance /top_level_tb/uut/Display1_Decoder/ : Warning: NUMERIC_STD."=": metavalue detected, returning FALSE
at 0 ps, Instance /top_level_tb/uut/Display1_Decoder/ : Warning: NUMERIC_STD."=": metavalue detected, returning FALSE
at 0 ps, Instance /top_level_tb/uut/Display1_Decoder/ : Warning: NUMERIC_STD."=": metavalue detected, returning FALSE
at 0 ps, Instance /top_level_tb/uut/Display1_Decoder/ : Warning: NUMERIC_STD."=": metavalue detected, returning FALSE
at 0 ps, Instance /top_level_tb/uut/Display1_Decoder/ : Warning: NUMERIC_STD."=": metavalue detected, returning FALSE
at 0 ps, Instance /top_level_tb/uut/Display1_Decoder/ : Warning: NUMERIC_STD."=": metavalue detected, returning FALSE
at 0 ps, Instance /top_level_tb/uut/Display1_Decoder/ : Warning: NUMERIC_STD."=": metavalue detected, returning FALSE
at 0 ps, Instance /top_level_tb/uut/Display2_Decoder/ : Warning: NUMERIC_STD."=": metavalue detected, returning FALSE
at 0 ps, Instance /top_level_tb/uut/Display2_Decoder/ : Warning: NUMERIC_STD."=": metavalue detected, returning FALSE
at 0 ps, Instance /top_level_tb/uut/Display2_Decoder/ : Warning: NUMERIC_STD."=": metavalue detected, returning FALSE
at 0 ps, Instance /top_level_tb/uut/Display2_Decoder/ : Warning: NUMERIC_STD."=": metavalue detected, returning FALSE
at 0 ps, Instance /top_level_tb/uut/Display2_Decoder/ : Warning: NUMERIC_STD."=": metavalue detected, returning FALSE
at 0 ps, Instance /top_level_tb/uut/Display2_Decoder/ : Warning: NUMERIC_STD."=": metavalue detected, returning FALSE
at 0 ps, Instance /top_level_tb/uut/Display2_Decoder/ : Warning: NUMERIC_STD."=": metavalue detected, returning FALSE
at 0 ps, Instance /top_level_tb/uut/Display2_Decoder/ : Warning: NUMERIC_STD."=": metavalue detected, returning FALSE
at 0 ps, Instance /top_level_tb/uut/Display2_Decoder/ : Warning: NUMERIC_STD."=": metavalue detected, returning FALSE
at 0 ps, Instance /top_level_tb/uut/Display2_Decoder/ : Warning: NUMERIC_STD."=": metavalue detected, returning FALSE
Finished circuit initialization process.
# run 40us
ISim P.28xd (signature 0xa0883be4)
This is a Full version of ISim.
# run 1000 ns
Simulator is doing circuit initialization process.
at 0 ps, Instance /top_level_tb/uut/Display1_Decoder/ : Warning: NUMERIC_STD."=": metavalue detected, returning FALSE
at 0 ps, Instance /top_level_tb/uut/Display1_Decoder/ : Warning: NUMERIC_STD."=": metavalue detected, returning FALSE
at 0 ps, Instance /top_level_tb/uut/Display1_Decoder/ : Warning: NUMERIC_STD."=": metavalue detected, returning FALSE
at 0 ps, Instance /top_level_tb/uut/Display1_Decoder/ : Warning: NUMERIC_STD."=": metavalue detected, returning FALSE
at 0 ps, Instance /top_level_tb/uut/Display1_Decoder/ : Warning: NUMERIC_STD."=": metavalue detected, returning FALSE
at 0 ps, Instance /top_level_tb/uut/Display1_Decoder/ : Warning: NUMERIC_STD."=": metavalue detected, returning FALSE
at 0 ps, Instance /top_level_tb/uut/Display1_Decoder/ : Warning: NUMERIC_STD."=": metavalue detected, returning FALSE
at 0 ps, Instance /top_level_tb/uut/Display1_Decoder/ : Warning: NUMERIC_STD."=": metavalue detected, returning FALSE
at 0 ps, Instance /top_level_tb/uut/Display1_Decoder/ : Warning: NUMERIC_STD."=": metavalue detected, returning FALSE
at 0 ps, Instance /top_level_tb/uut/Display1_Decoder/ : Warning: NUMERIC_STD."=": metavalue detected, returning FALSE
at 0 ps, Instance /top_level_tb/uut/Display2_Decoder/ : Warning: NUMERIC_STD."=": metavalue detected, returning FALSE
at 0 ps, Instance /top_level_tb/uut/Display2_Decoder/ : Warning: NUMERIC_STD."=": metavalue detected, returning FALSE
at 0 ps, Instance /top_level_tb/uut/Display2_Decoder/ : Warning: NUMERIC_STD."=": metavalue detected, returning FALSE
at 0 ps, Instance /top_level_tb/uut/Display2_Decoder/ : Warning: NUMERIC_STD."=": metavalue detected, returning FALSE
at 0 ps, Instance /top_level_tb/uut/Display2_Decoder/ : Warning: NUMERIC_STD."=": metavalue detected, returning FALSE
at 0 ps, Instance /top_level_tb/uut/Display2_Decoder/ : Warning: NUMERIC_STD."=": metavalue detected, returning FALSE
at 0 ps, Instance /top_level_tb/uut/Display2_Decoder/ : Warning: NUMERIC_STD."=": metavalue detected, returning FALSE
at 0 ps, Instance /top_level_tb/uut/Display2_Decoder/ : Warning: NUMERIC_STD."=": metavalue detected, returning FALSE
at 0 ps, Instance /top_level_tb/uut/Display2_Decoder/ : Warning: NUMERIC_STD."=": metavalue detected, returning FALSE
at 0 ps, Instance /top_level_tb/uut/Display2_Decoder/ : Warning: NUMERIC_STD."=": metavalue detected, returning FALSE
Finished circuit initialization process.
# run 40us
ISim P.28xd (signature 0xa0883be4)
This is a Full version of ISim.
# run 1000 ns
Simulator is doing circuit initialization process.
at 0 ps, Instance /top_level_tb/uut/Display1_Decoder/ : Warning: NUMERIC_STD."=": metavalue detected, returning FALSE
at 0 ps, Instance /top_level_tb/uut/Display1_Decoder/ : Warning: NUMERIC_STD."=": metavalue detected, returning FALSE
at 0 ps, Instance /top_level_tb/uut/Display1_Decoder/ : Warning: NUMERIC_STD."=": metavalue detected, returning FALSE
at 0 ps, Instance /top_level_tb/uut/Display1_Decoder/ : Warning: NUMERIC_STD."=": metavalue detected, returning FALSE
at 0 ps, Instance /top_level_tb/uut/Display1_Decoder/ : Warning: NUMERIC_STD."=": metavalue detected, returning FALSE
at 0 ps, Instance /top_level_tb/uut/Display1_Decoder/ : Warning: NUMERIC_STD."=": metavalue detected, returning FALSE
at 0 ps, Instance /top_level_tb/uut/Display1_Decoder/ : Warning: NUMERIC_STD."=": metavalue detected, returning FALSE
at 0 ps, Instance /top_level_tb/uut/Display1_Decoder/ : Warning: NUMERIC_STD."=": metavalue detected, returning FALSE
at 0 ps, Instance /top_level_tb/uut/Display1_Decoder/ : Warning: NUMERIC_STD."=": metavalue detected, returning FALSE
at 0 ps, Instance /top_level_tb/uut/Display1_Decoder/ : Warning: NUMERIC_STD."=": metavalue detected, returning FALSE
at 0 ps, Instance /top_level_tb/uut/Display2_Decoder/ : Warning: NUMERIC_STD."=": metavalue detected, returning FALSE
at 0 ps, Instance /top_level_tb/uut/Display2_Decoder/ : Warning: NUMERIC_STD."=": metavalue detected, returning FALSE
at 0 ps, Instance /top_level_tb/uut/Display2_Decoder/ : Warning: NUMERIC_STD."=": metavalue detected, returning FALSE
at 0 ps, Instance /top_level_tb/uut/Display2_Decoder/ : Warning: NUMERIC_STD."=": metavalue detected, returning FALSE
at 0 ps, Instance /top_level_tb/uut/Display2_Decoder/ : Warning: NUMERIC_STD."=": metavalue detected, returning FALSE
at 0 ps, Instance /top_level_tb/uut/Display2_Decoder/ : Warning: NUMERIC_STD."=": metavalue detected, returning FALSE
at 0 ps, Instance /top_level_tb/uut/Display2_Decoder/ : Warning: NUMERIC_STD."=": metavalue detected, returning FALSE
at 0 ps, Instance /top_level_tb/uut/Display2_Decoder/ : Warning: NUMERIC_STD."=": metavalue detected, returning FALSE
at 0 ps, Instance /top_level_tb/uut/Display2_Decoder/ : Warning: NUMERIC_STD."=": metavalue detected, returning FALSE
at 0 ps, Instance /top_level_tb/uut/Display2_Decoder/ : Warning: NUMERIC_STD."=": metavalue detected, returning FALSE
Finished circuit initialization process.
# run 40us
ISim P.28xd (signature 0xa0883be4)
This is a Full version of ISim.
# run 1000 ns
Simulator is doing circuit initialization process.
at 0 ps, Instance /top_level_tb/uut/Display1_Decoder/ : Warning: NUMERIC_STD."=": metavalue detected, returning FALSE
at 0 ps, Instance /top_level_tb/uut/Display1_Decoder/ : Warning: NUMERIC_STD."=": metavalue detected, returning FALSE
at 0 ps, Instance /top_level_tb/uut/Display1_Decoder/ : Warning: NUMERIC_STD."=": metavalue detected, returning FALSE
at 0 ps, Instance /top_level_tb/uut/Display1_Decoder/ : Warning: NUMERIC_STD."=": metavalue detected, returning FALSE
at 0 ps, Instance /top_level_tb/uut/Display1_Decoder/ : Warning: NUMERIC_STD."=": metavalue detected, returning FALSE
at 0 ps, Instance /top_level_tb/uut/Display1_Decoder/ : Warning: NUMERIC_STD."=": metavalue detected, returning FALSE
at 0 ps, Instance /top_level_tb/uut/Display1_Decoder/ : Warning: NUMERIC_STD."=": metavalue detected, returning FALSE
at 0 ps, Instance /top_level_tb/uut/Display1_Decoder/ : Warning: NUMERIC_STD."=": metavalue detected, returning FALSE
at 0 ps, Instance /top_level_tb/uut/Display1_Decoder/ : Warning: NUMERIC_STD."=": metavalue detected, returning FALSE
at 0 ps, Instance /top_level_tb/uut/Display1_Decoder/ : Warning: NUMERIC_STD."=": metavalue detected, returning FALSE
at 0 ps, Instance /top_level_tb/uut/Display2_Decoder/ : Warning: NUMERIC_STD."=": metavalue detected, returning FALSE
at 0 ps, Instance /top_level_tb/uut/Display2_Decoder/ : Warning: NUMERIC_STD."=": metavalue detected, returning FALSE
at 0 ps, Instance /top_level_tb/uut/Display2_Decoder/ : Warning: NUMERIC_STD."=": metavalue detected, returning FALSE
at 0 ps, Instance /top_level_tb/uut/Display2_Decoder/ : Warning: NUMERIC_STD."=": metavalue detected, returning FALSE
at 0 ps, Instance /top_level_tb/uut/Display2_Decoder/ : Warning: NUMERIC_STD."=": metavalue detected, returning FALSE
at 0 ps, Instance /top_level_tb/uut/Display2_Decoder/ : Warning: NUMERIC_STD."=": metavalue detected, returning FALSE
at 0 ps, Instance /top_level_tb/uut/Display2_Decoder/ : Warning: NUMERIC_STD."=": metavalue detected, returning FALSE
at 0 ps, Instance /top_level_tb/uut/Display2_Decoder/ : Warning: NUMERIC_STD."=": metavalue detected, returning FALSE
at 0 ps, Instance /top_level_tb/uut/Display2_Decoder/ : Warning: NUMERIC_STD."=": metavalue detected, returning FALSE
at 0 ps, Instance /top_level_tb/uut/Display2_Decoder/ : Warning: NUMERIC_STD."=": metavalue detected, returning FALSE
Finished circuit initialization process.
# run 50us
