Release 14.2 - xst P.28xd (nt64)
Copyright (c) 1995-2012 Xilinx, Inc.  All rights reserved.
--> Parameter TMPDIR set to xst/projnav.tmp


Total REAL time to Xst completion: 1.00 secs
Total CPU time to Xst completion: 0.15 secs
 
--> Parameter xsthdpdir set to xst


Total REAL time to Xst completion: 1.00 secs
Total CPU time to Xst completion: 0.15 secs
 
--> Reading design: Top_Level.prj

TABLE OF CONTENTS
  1) Synthesis Options Summary
  2) HDL Parsing
  3) HDL Elaboration
  4) HDL Synthesis
       4.1) HDL Synthesis Report
  5) Advanced HDL Synthesis
       5.1) Advanced HDL Synthesis Report
  6) Low Level Synthesis
  7) Partition Report
  8) Design Summary
       8.1) Primitive and Black Box Usage
       8.2) Device utilization summary
       8.3) Partition Resource Summary
       8.4) Timing Report
            8.4.1) Clock Information
            8.4.2) Asynchronous Control Signals Information
            8.4.3) Timing Summary
            8.4.4) Timing Details
            8.4.5) Cross Clock Domains Report


=========================================================================
*                      Synthesis Options Summary                        *
=========================================================================
---- Source Parameters
Input File Name                    : "Top_Level.prj"
Ignore Synthesis Constraint File   : NO

---- Target Parameters
Output File Name                   : "Top_Level"
Output Format                      : NGC
Target Device                      : xa6slx45-3-csg324

---- Source Options
Top Module Name                    : Top_Level
Automatic FSM Extraction           : YES
FSM Encoding Algorithm             : Auto
Safe Implementation                : No
FSM Style                          : LUT
RAM Extraction                     : Yes
RAM Style                          : Auto
ROM Extraction                     : Yes
Shift Register Extraction          : YES
ROM Style                          : Auto
Resource Sharing                   : YES
Asynchronous To Synchronous        : NO
Shift Register Minimum Size        : 2
Use DSP Block                      : Auto
Automatic Register Balancing       : No

---- Target Options
LUT Combining                      : Auto
Reduce Control Sets                : Auto
Add IO Buffers                     : YES
Global Maximum Fanout              : 100000
Add Generic Clock Buffer(BUFG)     : 16
Register Duplication               : YES
Optimize Instantiated Primitives   : NO
Use Clock Enable                   : Auto
Use Synchronous Set                : Auto
Use Synchronous Reset              : Auto
Pack IO Registers into IOBs        : Auto
Equivalent register Removal        : YES

---- General Options
Optimization Goal                  : Speed
Optimization Effort                : 1
Power Reduction                    : NO
Keep Hierarchy                     : No
Netlist Hierarchy                  : As_Optimized
RTL Output                         : Yes
Global Optimization                : AllClockNets
Read Cores                         : YES
Write Timing Constraints           : NO
Cross Clock Analysis               : NO
Hierarchy Separator                : /
Bus Delimiter                      : <>
Case Specifier                     : Maintain
Slice Utilization Ratio            : 100
BRAM Utilization Ratio             : 100
DSP48 Utilization Ratio            : 100
Auto BRAM Packing                  : NO
Slice Utilization Ratio Delta      : 5

=========================================================================


=========================================================================
*                          HDL Parsing                                  *
=========================================================================
Parsing VHDL file "\\userfs\tk734\w2k\Downloads\1\Lab2Final\Decoder.vhd" into library work
Parsing entity <Decoder>.
Parsing architecture <Behavioral> of entity <decoder>.
Parsing VHDL file "\\userfs\tk734\w2k\Downloads\1\Lab2Final\Debouncer.vhd" into library work
Parsing entity <Debouncer>.
Parsing architecture <Behavioral> of entity <debouncer>.
Parsing VHDL file "\\userfs\tk734\w2k\Downloads\1\Lab2Final\Counter.vhd" into library work
Parsing entity <Counter>.
Parsing architecture <Behavioral> of entity <counter>.
Parsing VHDL file "\\userfs\tk734\w2k\Downloads\1\Lab2Final\Top_Level.vhd" into library work
Parsing entity <Top_Level>.
Parsing architecture <Behavioral> of entity <top_level>.

=========================================================================
*                            HDL Elaboration                            *
=========================================================================

Elaborating entity <Top_Level> (architecture <Behavioral>) from library <work>.

Elaborating entity <Counter> (architecture <Behavioral>) from library <work>.

Elaborating entity <Debouncer> (architecture <Behavioral>) from library <work>.

Elaborating entity <Decoder> (architecture <Behavioral>) from library <work>.

=========================================================================
*                           HDL Synthesis                               *
=========================================================================

Synthesizing Unit <Top_Level>.
    Related source file is "\\userfs\tk734\w2k\Downloads\1\Lab2Final\Top_Level.vhd".
    Summary:
	no macro.
Unit <Top_Level> synthesized.

Synthesizing Unit <Counter>.
    Related source file is "\\userfs\tk734\w2k\Downloads\1\Lab2Final\Counter.vhd".
    Found 4-bit register for signal <count2>.
    Found 4-bit register for signal <count1>.
    Found 4-bit adder for signal <count1[3]_GND_5_o_add_1_OUT> created at line 1241.
    Found 4-bit adder for signal <count2[3]_GND_5_o_add_7_OUT> created at line 1241.
    Found 4-bit comparator greater for signal <count1[3]_PWR_5_o_LessThan_1_o> created at line 41
    Found 4-bit comparator greater for signal <count2[3]_PWR_5_o_LessThan_7_o> created at line 54
    Summary:
	inferred   2 Adder/Subtractor(s).
	inferred   8 D-type flip-flop(s).
	inferred   2 Comparator(s).
Unit <Counter> synthesized.

Synthesizing Unit <Debouncer>.
    Related source file is "\\userfs\tk734\w2k\Downloads\1\Lab2Final\Debouncer.vhd".
    Found 1-bit register for signal <Q1>.
    Found 1-bit register for signal <Q2>.
    Found 1-bit register for signal <Q0>.
    Summary:
	inferred   3 D-type flip-flop(s).
Unit <Debouncer> synthesized.

Synthesizing Unit <Decoder>.
    Related source file is "\\userfs\tk734\w2k\Downloads\1\Lab2Final\Decoder.vhd".
    Found 16x7-bit Read Only RAM for signal <Decoded_sig_bus>
    Summary:
	inferred   1 RAM(s).
Unit <Decoder> synthesized.

=========================================================================
HDL Synthesis Report

Macro Statistics
# RAMs                                                 : 2
 16x7-bit single-port Read Only RAM                    : 2
# Adders/Subtractors                                   : 2
 4-bit adder                                           : 2
# Registers                                            : 8
 1-bit register                                        : 6
 4-bit register                                        : 2
# Comparators                                          : 2
 4-bit comparator greater                              : 2

=========================================================================

=========================================================================
*                       Advanced HDL Synthesis                          *
=========================================================================


Synthesizing (advanced) Unit <Counter>.
The following registers are absorbed into counter <count2>: 1 register on signal <count2>.
The following registers are absorbed into counter <count1>: 1 register on signal <count1>.
Unit <Counter> synthesized (advanced).

Synthesizing (advanced) Unit <Decoder>.
INFO:Xst:3218 - HDL ADVISOR - The RAM <Mram_Decoded_sig_bus> will be implemented on LUTs either because you have described an asynchronous read or because of currently unsupported block RAM features. If you have described an asynchronous read, making it synchronous would allow you to take advantage of available block RAM resources, for optimized device usage and improved timings. Please refer to your documentation for coding guidelines.
    -----------------------------------------------------------------------
    | ram_type           | Distributed                         |          |
    -----------------------------------------------------------------------
    | Port A                                                              |
    |     aspect ratio   | 16-word x 7-bit                     |          |
    |     weA            | connected to signal <GND>           | high     |
    |     addrA          | connected to signal <Sig_bus>       |          |
    |     diA            | connected to signal <GND>           |          |
    |     doA            | connected to signal <Decoded_sig_bus> |          |
    -----------------------------------------------------------------------
Unit <Decoder> synthesized (advanced).

=========================================================================
Advanced HDL Synthesis Report

Macro Statistics
# RAMs                                                 : 2
 16x7-bit single-port distributed Read Only RAM        : 2
# Counters                                             : 2
 4-bit up counter                                      : 2
# Registers                                            : 6
 Flip-Flops                                            : 6
# Comparators                                          : 2
 4-bit comparator greater                              : 2

=========================================================================

=========================================================================
*                         Low Level Synthesis                           *
=========================================================================

Optimizing unit <Top_Level> ...

Optimizing unit <Counter> ...

Mapping all equations...
Building and optimizing final netlist ...
Found area constraint ratio of 100 (+ 5) on block Top_Level, actual ratio is 0.

Final Macro Processing ...

=========================================================================
Final Register Report

Macro Statistics
# Registers                                            : 14
 Flip-Flops                                            : 14

=========================================================================

=========================================================================
*                           Partition Report                            *
=========================================================================

Partition Implementation Status
-------------------------------

  No Partitions were found in this design.

-------------------------------

=========================================================================
*                            Design Summary                             *
=========================================================================

Top Level Output File Name         : Top_Level.ngc

Primitive and Black Box Usage:
------------------------------
# BELS                             : 30
#      LUT2                        : 1
#      LUT3                        : 2
#      LUT4                        : 15
#      LUT5                        : 4
#      LUT6                        : 8
# FlipFlops/Latches                : 14
#      FD                          : 13
#      FDR                         : 1
# Clock Buffers                    : 1
#      BUFGP                       : 1
# IO Buffers                       : 16
#      IBUF                        : 2
#      OBUF                        : 14

Device utilization summary:
---------------------------

Selected Device : xa6slx45csg324-3 


Slice Logic Utilization: 
 Number of Slice Registers:              14  out of  54576     0%  
 Number of Slice LUTs:                   30  out of  27288     0%  
    Number used as Logic:                30  out of  27288     0%  

Slice Logic Distribution: 
 Number of LUT Flip Flop pairs used:     35
   Number with an unused Flip Flop:      21  out of     35    60%  
   Number with an unused LUT:             5  out of     35    14%  
   Number of fully used LUT-FF pairs:     9  out of     35    25%  
   Number of unique control sets:         2

IO Utilization: 
 Number of IOs:                          17
 Number of bonded IOBs:                  17  out of    218     7%  

Specific Feature Utilization:
 Number of BUFG/BUFGCTRLs:                1  out of     16     6%  

---------------------------
Partition Resource Summary:
---------------------------

  No Partitions were found in this design.

---------------------------


=========================================================================
Timing Report

NOTE: THESE TIMING NUMBERS ARE ONLY A SYNTHESIS ESTIMATE.
      FOR ACCURATE TIMING INFORMATION PLEASE REFER TO THE TRACE REPORT
      GENERATED AFTER PLACE-and-ROUTE.

Clock Information:
------------------
-----------------------------------+------------------------+-------+
Clock Signal                       | Clock buffer(FF name)  | Load  |
-----------------------------------+------------------------+-------+
clk                                | BUFGP                  | 14    |
-----------------------------------+------------------------+-------+

Asynchronous Control Signals Information:
----------------------------------------
No asynchronous control signals found in this design

Timing Summary:
---------------
Speed Grade: -3

   Minimum period: 3.652ns (Maximum Frequency: 273.841MHz)
   Minimum input arrival time before clock: 1.903ns
   Maximum output required time after clock: 5.075ns
   Maximum combinational path delay: No path found

Timing Details:
---------------
All values displayed in nanoseconds (ns)

=========================================================================
Timing constraint: Default period analysis for Clock 'clk'
  Clock period: 3.652ns (frequency: 273.841MHz)
  Total number of paths / destination ports: 131 / 13
-------------------------------------------------------------------------
Delay:               3.652ns (Levels of Logic = 3)
  Source:            Counter1/count2_2 (FF)
  Destination:       Counter1/count2_3 (FF)
  Source Clock:      clk rising
  Destination Clock: clk rising

  Data Path: Counter1/count2_2 to Counter1/count2_3
                                Gate     Net
    Cell:in->out      fanout   Delay   Delay  Logical Name (Net Name)
    ----------------------------------------  ------------
     FD:C->Q              10   0.447   1.085  Counter1/count2_2 (Counter1/count2_2)
     LUT4:I1->O            4   0.205   0.684  Counter1/count2[3]_PWR_5_o_LessThan_7_o1 (Counter1/count2[3]_PWR_5_o_LessThan_7_o)
     LUT6:I5->O            2   0.205   0.721  Counter1/count1[0]_en_AND_6_o1 (Counter1/count1[0]_en_AND_6_o)
     LUT6:I4->O            1   0.203   0.000  Counter1/count2_3_rstpot (Counter1/count2_3_rstpot)
     FD:D                      0.102          Counter1/count2_3
    ----------------------------------------
    Total                      3.652ns (1.162ns logic, 2.490ns route)
                                       (31.8% logic, 68.2% route)

=========================================================================
Timing constraint: Default OFFSET IN BEFORE for Clock 'clk'
  Total number of paths / destination ports: 2 / 2
-------------------------------------------------------------------------
Offset:              1.903ns (Levels of Logic = 1)
  Source:            reset (PAD)
  Destination:       Debouncer_reset/Q0 (FF)
  Destination Clock: clk rising

  Data Path: reset to Debouncer_reset/Q0
                                Gate     Net
    Cell:in->out      fanout   Delay   Delay  Logical Name (Net Name)
    ----------------------------------------  ------------
     IBUF:I->O             1   1.222   0.579  reset_IBUF (reset_IBUF)
     FD:D                      0.102          Debouncer_reset/Q0
    ----------------------------------------
    Total                      1.903ns (1.324ns logic, 0.579ns route)
                                       (69.6% logic, 30.4% route)

=========================================================================
Timing constraint: Default OFFSET OUT AFTER for Clock 'clk'
  Total number of paths / destination ports: 56 / 14
-------------------------------------------------------------------------
Offset:              5.075ns (Levels of Logic = 2)
  Source:            Counter1/count1_0 (FF)
  Destination:       display1<6> (PAD)
  Source Clock:      clk rising

  Data Path: Counter1/count1_0 to display1<6>
                                Gate     Net
    Cell:in->out      fanout   Delay   Delay  Logical Name (Net Name)
    ----------------------------------------  ------------
     FDR:C->Q             17   0.447   1.275  Counter1/count1_0 (Counter1/count1_0)
     LUT4:I0->O            1   0.203   0.579  Display1_Decoder/Mram_Decoded_sig_bus51 (display1_5_OBUF)
     OBUF:I->O                 2.571          display1_5_OBUF (display1<5>)
    ----------------------------------------
    Total                      5.075ns (3.221ns logic, 1.854ns route)
                                       (63.5% logic, 36.5% route)

=========================================================================

Cross Clock Domains Report:
--------------------------

Clock to Setup on destination clock clk
---------------+---------+---------+---------+---------+
               | Src:Rise| Src:Fall| Src:Rise| Src:Fall|
Source Clock   |Dest:Rise|Dest:Rise|Dest:Fall|Dest:Fall|
---------------+---------+---------+---------+---------+
clk            |    3.652|         |         |         |
---------------+---------+---------+---------+---------+

=========================================================================


Total REAL time to Xst completion: 7.00 secs
Total CPU time to Xst completion: 6.79 secs
 
--> 

Total memory usage is 256060 kilobytes

Number of errors   :    0 (   0 filtered)
Number of warnings :    0 (   0 filtered)
Number of infos    :    1 (   0 filtered)

